<?xml version="1.0" encoding="UTF-8"?>
<testng-results total="3" passed="3" failed="0" skipped="0">
  <reporter-output>
  </reporter-output>
  <suite started-at="2021-03-28T03:01:35Z" name="Default suite" finished-at="2021-03-28T03:01:38Z" duration-ms="3042">
    <groups>
    </groups>
    <test started-at="2021-03-28T03:01:35Z" name="Default test" finished-at="2021-03-28T03:01:38Z" duration-ms="3042">
      <class name="tests.PutPatchAndDeleteExamples">
        <test-method signature="testDelete()[pri:0, instance:tests.PutPatchAndDeleteExamples@68f1b17f]" started-at="2021-03-27T23:01:35Z" name="testDelete" finished-at="2021-03-27T23:01:37Z" duration-ms="2130" status="PASS">
          <reporter-output>
          </reporter-output>
        </test-method> <!-- testDelete -->
        <test-method signature="testPatch()[pri:0, instance:tests.PutPatchAndDeleteExamples@68f1b17f]" started-at="2021-03-27T23:01:37Z" name="testPatch" finished-at="2021-03-27T23:01:37Z" duration-ms="477" status="PASS">
          <reporter-output>
          </reporter-output>
        </test-method> <!-- testPatch -->
        <test-method signature="testPut()[pri:0, instance:tests.PutPatchAndDeleteExamples@68f1b17f]" started-at="2021-03-27T23:01:37Z" name="testPut" finished-at="2021-03-27T23:01:38Z" duration-ms="416" status="PASS">
          <reporter-output>
          </reporter-output>
        </test-method> <!-- testPut -->
      </class> <!-- tests.PutPatchAndDeleteExamples -->
    </test> <!-- Default test -->
  </suite> <!-- Default suite -->
</testng-results>
