<?xml version="1.0" encoding="UTF-8"?>
<!-- Generated by org.testng.reporters.JUnitXMLReporter -->
<testsuite hostname="DESKTOP-57M15UN" failures="0" tests="3" name="Default test" time="3.042" errors="0" timestamp="28 Mar 2021 03:01:38 GMT">
  <testcase classname="tests.PutPatchAndDeleteExamples" name="testDelete" time="2.13"/>
  <testcase classname="tests.PutPatchAndDeleteExamples" name="testPatch" time="0.477"/>
  <testcase classname="tests.PutPatchAndDeleteExamples" name="testPut" time="0.416"/>
</testsuite> <!-- Default test -->
