<?xml version="1.0" encoding="UTF-8"?>
<testng-results ignored="0" total="1" passed="1" failed="0" skipped="0">
  <reporter-output>
  </reporter-output>
  <suite started-at="2021-03-13T20:52:40 EST" name="Default suite" finished-at="2021-03-13T20:52:40 EST" duration-ms="34">
    <groups>
    </groups>
    <test started-at="2021-03-13T20:52:40 EST" name="Default test" finished-at="2021-03-13T20:52:40 EST" duration-ms="34">
      <class name="TestNGAssignment.XmlDemo">
        <test-method signature="displayResult()[pri:0, instance:TestNGAssignment.XmlDemo@60015ef5]" started-at="2021-03-13T20:52:40 EST" name="displayResult" finished-at="2021-03-13T20:52:40 EST" duration-ms="7" status="PASS">
          <reporter-output>
          </reporter-output>
        </test-method> <!-- displayResult -->
      </class> <!-- TestNGAssignment.XmlDemo -->
    </test> <!-- Default test -->
  </suite> <!-- Default suite -->
</testng-results>
