<?xml version="1.0" encoding="UTF-8"?>
<!-- Generated by org.testng.reporters.JUnitReportReporter -->
<testsuite hostname="DESKTOP-57M15UN" failures="0" tests="4" name="TestNG" time="0.015" errors="0" timestamp="2021-03-08T14:34:19 EST" skipped="0">
  <testcase classname="TestNG" name="sum" time="0.011"/>
  <system-out/>
  <testcase classname="TestNG" name="sub" time="0.001"/>
  <system-out/>
  <testcase classname="TestNG" name="div" time="0.001"/>
  <system-out/>
  <testcase classname="TestNG" name="multi" time="0.002"/>
  <system-out/>
</testsuite> <!-- TestNG -->
